<?xml version="1.0" encoding="UTF-8"?>
<testng-results ignored="0" total="2" passed="2" failed="0" skipped="0">
  <reporter-output>
  </reporter-output>
  <suite started-at="2023-09-11T16:02:39 BST" name="Default suite" finished-at="2023-09-11T16:02:55 BST" duration-ms="16094">
    <groups>
    </groups>
    <test started-at="2023-09-11T16:02:39 BST" name="Default test" finished-at="2023-09-11T16:02:55 BST" duration-ms="16094">
      <class name="com.orangeHRMPages.LoginTest">
        <test-method is-config="true" signature="setUp()[pri:0, instance:com.orangeHRMPages.LoginTest@1b2abca6]" started-at="2023-09-11T16:02:39 BST" name="setUp" finished-at="2023-09-11T16:02:48 BST" duration-ms="8699" status="PASS">
          <reporter-output>
          </reporter-output>
        </test-method> <!-- setUp -->
        <test-method signature="testLogo()[pri:0, instance:com.orangeHRMPages.LoginTest@1b2abca6]" started-at="2023-09-11T16:02:48 BST" name="testLogo" finished-at="2023-09-11T16:02:52 BST" duration-ms="3800" status="PASS">
          <reporter-output>
          </reporter-output>
        </test-method> <!-- testLogo -->
        <test-method signature="verifyValidCredentials()[pri:0, instance:com.orangeHRMPages.LoginTest@1b2abca6]" started-at="2023-09-11T16:02:52 BST" name="verifyValidCredentials" finished-at="2023-09-11T16:02:55 BST" duration-ms="3436" status="PASS">
          <reporter-output>
          </reporter-output>
        </test-method> <!-- verifyValidCredentials -->
        <test-method is-config="true" signature="teardown()[pri:0, instance:com.orangeHRMPages.LoginTest@1b2abca6]" started-at="2023-09-11T16:02:55 BST" name="teardown" finished-at="2023-09-11T16:02:55 BST" duration-ms="117" status="PASS">
          <reporter-output>
          </reporter-output>
        </test-method> <!-- teardown -->
      </class> <!-- com.orangeHRMPages.LoginTest -->
    </test> <!-- Default test -->
  </suite> <!-- Default suite -->
</testng-results>
